Iteration	Posterior	Likelihood	Prior	rate_log_sd	rate_loss	rate_neo	tree_length
0	-1093.102	-1700.271	607.1689	1.606418	2.565122	0.5717295	0.8006389
6	-1074.83	-1681.536	606.7055	1.46814	3.429099	0.647834	0.9450647
12	-1080.788	-1687.306	606.5177	1.675464	2.589334	1.126899	0.6932585
18	-1087.483	-1694.324	606.8404	1.561623	2.800272	0.7556996	0.8193226
24	-1074.288	-1681.46	607.1716	1.398937	2.451128	0.7067152	0.8898318
30	-1074.399	-1681.309	606.9098	1.731225	2.615603	0.6667286	0.7660141
36	-1064.636	-1671.425	606.7888	1.673562	2.68554	0.8265204	0.6798827
42	-1063.194	-1670.399	607.2054	1.72801	2.068286	0.7182473	0.6322526
48	-1063.478	-1670.436	606.9579	1.72801	2.243518	0.8352114	0.6532382
54	-1055.553	-1662.282	606.7286	1.579068	2.331699	0.9600585	0.9256647
60	-1055.885	-1662.93	607.0447	1.538446	1.935208	0.9257439	0.9056417
66	-1051.893	-1658.938	607.0447	1.538446	1.935208	0.9257439	0.9056417
72	-1055.126	-1662.171	607.0447	1.538446	1.935208	0.9257439	0.9056417
78	-1048.266	-1655.311	607.0447	1.538446	1.935208	0.9257439	0.9056417
84	-1057.185	-1664.462	607.2775	1.538446	1.577636	0.9257439	0.9056417
90	-1059.717	-1667.034	607.3166	1.538446	1.523089	0.9257439	0.9056417
96	-1063.795	-1670.856	607.0608	1.604138	2.154178	0.7442164	0.9056417
102	-1072.653	-1678.952	606.2987	1.734447	3.63045	0.849389	0.7081954
108	-1067.491	-1674.741	607.2499	1.673034	2.295679	0.5742139	0.7792194
114	-1069.222	-1676.492	607.2705	1.713646	1.629248	0.7994311	0.8313593
120	-1071.139	-1678.155	607.0162	1.729132	2.116824	0.8294417	0.6861718
126	-1063.286	-1669.747	606.4601	1.755631	3.973402	0.6508764	0.5810146
132	-1064.799	-1671.692	606.893	1.755631	3.973402	0.3815974	0.6065953
138	-1073.832	-1680.58	606.7479	1.817132	2.603772	0.7723069	0.6796518
144	-1080.9	-1688.259	607.3585	1.749593	1.684708	0.7293253	0.7245953
150	-1072.662	-1679.46	606.7978	1.617748	3.740544	0.5111053	0.7600122
156	-1076.133	-1683.088	606.9545	1.733599	2.581471	0.6803708	0.6873014
162	-1078.622	-1685.757	607.135	1.697421	2.08694	0.7366861	0.7535239
168	-1075.725	-1682.596	606.8713	1.812406	2.462934	0.7129755	0.7212166
174	-1071.02	-1678.335	607.3149	1.631129	2.151762	0.6679133	0.6470179
180	-1074.402	-1681.611	607.2089	1.644806	2.382541	0.6679133	0.556362
186	-1073.415	-1679.925	606.5099	1.770606	2.989741	0.876948	0.6598561
192	-1094.019	-1700.399	606.38	1.687796	3.667272	0.8055994	0.7123623
198	-1103.5	-1709.997	606.497	1.720375	3.511644	0.7044534	0.7625112
204	-1101.17	-1707.792	606.6222	1.706244	2.810363	0.8910936	0.6885979
210	-1090.441	-1697.341	606.9	1.78562	2.330751	0.8072875	0.6223052
216	-1092.587	-1699.409	606.8222	1.8473	2.331853	0.8072875	0.6577288
222	-1099.91	-1706.918	607.0079	1.387369	3.101083	0.4615141	1.134912
228	-1083.246	-1690.046	606.8004	1.231474	2.274388	0.7738507	1.38322
234	-1067.819	-1674.704	606.8856	1.829497	2.772088	0.6347561	0.5381586
240	-1067.813	-1674.818	607.005	1.829497	2.177337	0.7679901	0.55515
246	-1058.828	-1665.682	606.8539	1.967505	2.22922	0.7535897	0.4384296
252	-1063.037	-1669.544	606.5069	1.860472	2.563454	0.995669	0.6165107
258	-1067.715	-1674.349	606.6335	1.884768	2.563454	0.8693053	0.5565677
264	-1063.598	-1670.58	606.9813	1.884768	3.222303	0.4199616	0.551154
270	-1071.007	-1678.111	607.1041	1.9084	1.971498	0.7212699	0.5410358
276	-1078.822	-1685.8	606.978	1.879302	2.249272	0.7209442	0.536427
282	-1070.326	-1677.551	607.2252	1.799421	1.76471	0.7819992	0.6635205
288	-1065.504	-1672.388	606.8837	1.700111	2.412894	0.7960655	0.7561436
294	-1085.345	-1692.331	606.9864	1.713383	2.40935	0.7552721	0.6413479
300	-1112.241	-1718.978	606.7372	1.449339	2.061415	0.8141269	1.315557
306	-1093.661	-1700.963	607.3019	1.427606	2.262172	0.5475335	1.058135
312	-1092.397	-1699.952	607.5548	1.420244	2.166263	0.4501673	1.02724
318	-1078.711	-1685.957	607.2462	1.448783	2.468691	0.4972433	1.066619
324	-1098.591	-1704.553	605.9613	1.130264	3.748951	0.713647	1.66752
330	-1105.943	-1713.334	607.3905	1.448783	2.08658	0.502642	1.112334
336	-1095.663	-1702.721	607.0582	1.450986	2.112683	0.7712405	1.05465
342	-1086.388	-1693.068	606.6805	1.339265	2.370889	0.6369022	1.49014
348	-1086.964	-1693.731	606.7676	1.325206	3.56024	0.6369022	0.9933694
354	-1080.789	-1687.803	607.0135	1.472819	2.333562	0.6369022	1.126651
360	-1092.463	-1699.191	606.7285	1.39765	1.688695	1.107311	1.305378
366	-1103.562	-1710.595	607.0329	1.324113	2.338672	0.6175493	1.259261
372	-1092.507	-1698.912	606.405	1.336292	2.039745	0.9007237	1.590874
378	-1082.62	-1689.075	606.4554	0.9470162	1.906309	0.6087257	2.126067
384	-1088.062	-1693.391	605.3289	0.9235978	2.750594	0.6483097	2.541013
390	-1093.157	-1698.411	605.2547	1.040415	3.480781	0.4303048	2.541013
396	-1082.364	-1688.043	605.6796	0.9931944	2.841696	0.8291267	2.102154
402	-1078.648	-1684.896	606.2483	0.8910484	2.222257	0.5439209	2.242171
408	-1078.127	-1684.007	605.8793	0.9282354	2.520869	0.6191648	2.284936
414	-1075.114	-1681.396	606.2828	1.098334	2.622985	0.5414006	1.95306
420	-1074.946	-1681.052	606.1052	1.054697	3.589052	0.542297	1.82957
426	-1073.445	-1679.406	605.9607	1.076508	4.15812	0.4675141	1.862988
432	-1088.23	-1694.761	606.5313	1.194903	3.933831	0.2878434	1.688402
438	-1073.724	-1680.277	606.5523	1.14917	2.490193	0.4467869	1.886664
444	-1081.52	-1687.143	605.6229	0.9823844	2.155623	0.9452323	2.283147
450	-1080.147	-1686.107	605.9607	1.001472	2.462004	0.5979654	2.223818
456	-1066.487	-1672.862	606.3746	1.16194	2.958449	0.5113224	1.776326
462	-1056.82	-1663.486	606.6656	1.127664	2.06048	0.6354537	1.776326
468	-1054.331	-1660.731	606.3993	1.178634	2.773825	0.780419	1.536769
474	-1047.584	-1654.179	606.5947	1.274329	2.298637	0.7084544	1.558852
480	-1055.745	-1661.459	605.7144	0.9237462	2.490051	0.6033429	2.416512
486	-1069.501	-1674.71	605.2089	0.921719	2.920393	0.6606822	2.55935
492	-1085.807	-1691.282	605.4755	1.05688	2.738568	0.45283	2.55935
498	-1089.127	-1695.168	606.041	1.071186	3.358167	0.3436898	2.160281
504	-1083.491	-1689.816	606.325	1.060804	2.095459	0.5141494	2.158646
510	-1076.361	-1682.408	606.0468	1.151511	2.567648	0.6509594	1.985861
516	-1083.778	-1690.435	606.6573	1.08585	2.474427	0.7522343	1.544763
522	-1081.821	-1688.562	606.7408	1.148039	2.528823	0.595403	1.572727
528	-1076.553	-1683.127	606.5748	1.255985	3.406883	0.4389971	1.523495
534	-1063.821	-1670.471	606.6501	1.392048	2.835426	0.7063422	1.222714
540	-1083.355	-1690.179	606.8238	1.566578	2.005612	0.9201048	1.065321
546	-1089.75	-1696.431	606.6814	1.712878	2.005612	1.117707	0.8569839
552	-1083.414	-1689.836	606.4216	1.610853	2.760037	0.9460825	1.010285
558	-1076.257	-1682.949	606.6913	1.448193	2.185636	0.9460825	1.175314
564	-1072.146	-1679.174	607.0275	1.442954	2.185636	0.6456701	1.199109
570	-1069.571	-1676.315	606.7442	1.261564	1.764083	0.7470245	1.649979
576	-1077.914	-1684.801	606.8863	1.261564	3.063789	0.6376102	1.125099
582	-1081.372	-1687.684	606.3115	1.300624	4.87731	0.5239694	1.198018
588	-1081.06	-1687.599	606.5392	1.458368	3.940994	0.399185	1.302472
594	-1076.321	-1683.456	607.135	1.446936	2.484987	0.5429075	1.095983
600	-1068.171	-1674.689	606.5179	1.279628	3.151822	0.5677708	1.464567
606	-1070.016	-1676.709	606.6929	1.264022	2.865466	0.6223592	1.373609
612	-1080.123	-1686.7	606.5765	1.3811	4.375995	0.4964892	1.062802
618	-1082.278	-1688.397	606.1183	1.508571	3.433793	0.9636559	1.112097
624	-1080.177	-1686.685	606.5075	1.441938	3.049764	0.8093043	1.112097
630	-1081.051	-1687.819	606.768	1.606707	2.663033	0.851555	0.7893318
636	-1077.059	-1683.794	606.7351	1.650028	3.227247	0.6469906	0.7893318
642	-1082.249	-1689.418	607.1689	1.461844	2.356823	0.5604065	1.085643
648	-1090.278	-1696.766	606.4885	1.468846	3.276968	0.8873546	0.926337
654	-1087.412	-1694.054	606.6417	1.58529	3.986808	0.547282	0.8222218
660	-1108.575	-1715.635	607.0597	1.500779	2.614625	0.6247141	0.9353743
666	-1093.424	-1700.122	606.6981	1.481238	3.128072	0.7279137	0.9533602
672	-1101.399	-1708.366	606.9676	1.359829	2.331839	0.7279137	1.161421
678	-1092.665	-1699.414	606.749	1.504861	2.887649	0.6912392	1.028862
684	-1087.676	-1695.22	607.5444	1.515704	1.366884	0.8299934	0.926199
690	-1089.296	-1696.602	607.306	1.544443	1.653293	0.8299934	0.926199
696	-1090.793	-1697.817	607.0247	1.584884	2.614468	0.6851499	0.7765144
702	-1093.223	-1700.489	607.2663	1.65792	2.032688	0.6695019	0.7910894
708	-1089.013	-1696.053	607.0409	1.645082	2.41863	0.6919207	0.7910894
714	-1094.794	-1702.015	607.2213	1.681157	2.04982	0.6919207	0.7660942
720	-1084.671	-1691.691	607.0195	1.681157	2.291721	0.6919207	0.8557567
726	-1101.01	-1708.101	607.0915	1.812245	2.259476	0.6531399	0.6551789
732	-1110.917	-1717.815	606.898	1.387765	2.95108	0.5494884	1.159908
738	-1103.554	-1710.334	606.78	1.370337	2.035439	0.9065221	1.273037
744	-1107.481	-1714.398	606.9164	1.316696	2.012926	0.7392662	1.372795
750	-1104.881	-1711.605	606.7234	1.316696	2.093806	0.7845488	1.443411
756	-1096.638	-1703.816	607.1778	1.331304	1.842943	0.7751722	1.194475
762	-1101.757	-1708.364	606.6066	1.309315	1.864351	1.081962	1.401162
768	-1081.539	-1688.285	606.7459	1.342937	1.48186	0.786736	1.695524
774	-1082.21	-1688.943	606.7323	1.350788	2.249292	0.7013876	1.424335
780	-1099.827	-1706.121	606.2942	1.137555	2.981649	0.7302461	1.622103
786	-1087.66	-1693.291	605.6314	1.137555	2.695015	1.119195	1.883928
792	-1088.924	-1695.335	606.4111	1.141853	1.821719	0.4513989	2.22516
798	-1095.78	-1701.907	606.127	1.024937	2.1512	1.050851	1.854006
804	-1101.789	-1707.009	605.2206	0.9380768	2.490472	0.8251404	2.53778
810	-1102.416	-1707.807	605.3913	0.867903	2.34878	0.8002532	2.53778
816	-1093.752	-1699.316	605.5637	0.8635513	3.66566	0.5105504	2.327684
822	-1098.781	-1704.341	605.5604	1.009795	2.764075	0.4258594	2.558965
828	-1109.654	-1715.014	605.3603	0.9678296	3.981118	0.4258594	2.413613
834	-1090.064	-1696.2	606.136	1.095723	2.113967	0.6843507	2.089986
840	-1079.844	-1686.335	606.491	0.9841514	1.768088	0.5790661	2.163465
846	-1087.631	-1694.244	606.6126	0.9841514	2.164954	0.6317539	1.874739
852	-1083.101	-1688.824	605.7234	1.090314	3.281388	0.6202178	2.063458
858	-1111.031	-1717.708	606.6767	1.308344	1.832273	0.7664972	1.616312
864	-1085.005	-1691.444	606.4383	1.034175	2.542665	0.4601778	2.007517
870	-1106.424	-1712.946	606.5218	1.281554	2.454559	0.841221	1.427398
876	-1101.201	-1707.052	605.8505	1.233094	2.060565	1.190321	1.848043
882	-1098.808	-1705.168	606.3606	1.238573	2.57846	0.9027683	1.484838
888	-1105.896	-1711.135	605.2387	1.0619	2.049235	1.180175	2.372094
894	-1102.35	-1708.315	605.9652	1.038515	2.684318	0.9172059	1.863387
900	-1103.333	-1709.623	606.2897	1.140819	1.916977	0.6992881	2.021631
906	-1095.633	-1701.308	605.6754	1.207876	2.77363	1.191539	1.735197
912	-1110.476	-1717.087	606.6115	1.225748	2.162931	0.8705847	1.492824
918	-1089.596	-1695.904	606.3079	1.358207	3.010425	1.006462	1.189447
924	-1087.314	-1694.319	607.0047	1.269048	2.4314	0.6520074	1.249102
930	-1081.282	-1687.786	606.5036	1.307299	3.291522	0.7750206	1.183881
936	-1078.783	-1685.991	607.2088	1.385802	2.563535	0.4969169	1.116958
942	-1083.234	-1689.489	606.2556	1.437323	2.481288	0.9100083	1.443644
948	-1086.408	-1692.496	606.0883	1.119967	3.511915	0.9509747	1.443644
954	-1097.336	-1703.639	606.303	1.223117	2.64806	0.8293594	1.575304
960	-1094.496	-1701.437	606.9407	1.18291	1.415389	0.8771378	1.632384
966	-1097.513	-1703.998	606.4853	1.143294	1.422236	0.8443043	1.996211
972	-1085.747	-1692.591	606.8446	1.065256	1.422236	0.7821824	1.855168
978	-1085.495	-1691.858	606.3628	0.9143394	1.655354	0.6327439	2.289399
984	-1083.186	-1688.811	605.6252	0.9705083	2.08672	0.7352763	2.465541
990	-1080.834	-1685.991	605.1568	0.679905	2.131625	0.8398985	2.840719
996	-1090.012	-1695.469	605.4575	0.9054284	1.963274	0.6070624	2.760372
1002	-1094.327	-1699.918	605.5913	0.9186939	2.43788	0.8069054	2.34666
1008	-1091.823	-1697.704	605.8801	0.9457749	1.606649	0.5747153	2.646206
1014	-1086.607	-1692.519	605.9124	0.9713616	1.633497	0.7925779	2.417988
1020	-1070.099	-1676.417	606.3184	1.07861	2.023895	0.6331194	2.060919
1026	-1086.612	-1692.301	605.6891	1.207463	2.767824	0.7420845	2.045201
1032	-1083.144	-1689.198	606.054	1.124436	1.967933	0.8831043	2.023051
1038	-1088.575	-1694.937	606.3625	1.100915	1.965121	0.6514471	2.023051
1044	-1093.568	-1699.097	605.5285	1.027749	2.078382	0.8599517	2.400414
1050	-1077.14	-1683.246	606.1064	1.034014	2.078382	0.8599517	2.022736
1056	-1076.889	-1683.342	606.4535	1.124911	2.394343	0.5775518	1.857887
1062	-1083.669	-1690.218	606.5488	1.251381	1.654953	0.8739554	1.741746
1068	-1086.088	-1691.935	605.8474	1.172694	3.470394	0.7459284	1.761192
1074	-1085.698	-1691.734	606.0363	1.061886	2.848791	0.5768712	2.036686
1080	-1088.295	-1694.834	606.5394	1.132443	2.603512	0.4399539	1.877849
1086	-1074.198	-1680.75	606.5523	1.22671	1.959866	0.6206098	1.841205
1092	-1086.657	-1693.042	606.3852	1.151833	1.934244	0.9271908	1.760624
1098	-1075.239	-1681.796	606.5564	1.154217	1.990545	0.8307505	1.6896
1104	-1064.194	-1671.285	607.0918	1.266644	2.056002	0.5894868	1.413832
1110	-1087.92	-1694.414	606.4937	1.004597	1.330401	0.6908411	2.250991
1116	-1094.028	-1700.182	606.1536	0.9436857	1.437146	0.9294112	2.274972
1122	-1086.485	-1691.865	605.3799	0.9377937	2.306941	0.95518	2.407553
1128	-1073.373	-1679.442	606.0685	0.9103542	1.461767	0.8307693	2.407553
1134	-1065.887	-1671.022	605.1351	0.9483643	2.314615	0.6076417	2.810874
1140	-1069.451	-1675.733	606.2815	1.13374	1.23445	0.8123098	2.258908
1146	-1065.086	-1670.94	605.8546	1.112698	1.840638	0.8725527	2.219618
1152	-1075.471	-1681.758	606.287	1.257677	2.266011	1.116904	1.484115
1158	-1073.123	-1679.315	606.1924	1.405365	2.171664	1.324835	1.343908
1164	-1092.163	-1698.713	606.5498	1.475267	1.819815	1.094759	1.327538
1170	-1076.364	-1683.141	606.7771	1.526392	2.526552	0.779504	1.034933
1176	-1077.205	-1684.226	607.0209	1.390859	2.256232	0.6348329	1.229376
1182	-1091.101	-1698.119	607.0184	1.457075	2.353948	0.7299528	1.011057
1188	-1082.827	-1689.777	606.95	1.609462	2.356672	0.8053093	0.8142838
1194	-1077.559	-1684.62	607.0608	1.48905	3.099816	0.511911	0.8987933
1200	-1072.479	-1679.929	607.4496	1.483181	1.985917	0.511911	1.065637
1206	-1073.851	-1680.217	606.3661	1.395221	2.286527	1.063393	1.346981
1212	-1071.726	-1678.561	606.8346	1.153186	1.984277	0.774574	1.539378
1218	-1062.75	-1669.72	606.9699	1.13611	2.043324	0.7021532	1.493179
1224	-1064.399	-1671.053	606.6544	1.265243	2.325117	0.6998581	1.519378
1230	-1076.269	-1683.186	606.9167	1.251697	2.325117	0.4776603	1.579053
1236	-1068.133	-1674.372	606.239	1.251697	2.735556	1.068372	1.382858
1242	-1089.23	-1695.351	606.1211	1.211881	2.06546	0.9302976	1.846241
1248	-1091.086	-1697.914	606.8284	1.277488	2.084148	0.9730804	1.228628
1254	-1100.844	-1706.849	606.0056	1.293936	3.66364	0.9577781	1.322962
1260	-1096.799	-1703.494	606.6954	1.394527	1.889153	0.7673961	1.512455
1266	-1091.645	-1697.968	606.3229	1.402453	2.066696	1.159639	1.400223
1272	-1098.924	-1705.797	606.8727	1.247443	2.490171	0.6376604	1.365876
1278	-1084.187	-1690.896	606.7086	1.245633	2.442245	0.6411947	1.507648
1284	-1089.629	-1695.977	606.3474	1.192175	3.752787	0.5900325	1.461804
1290	-1090.06	-1696.431	606.3709	1.213076	3.88806	0.5900325	1.391216
1296	-1087.037	-1692.921	605.884	1.213076	4.385583	0.5535501	1.672711
1302	-1107.564	-1713.973	606.4092	1.263987	2.114603	0.9178492	1.595987
1308	-1091.092	-1697.418	606.3261	1.267548	2.12678	0.9266262	1.641848
1314	-1093.066	-1699.548	606.4819	1.285099	2.528301	0.6971284	1.559217
1320	-1085.837	-1692.656	606.8192	1.221709	2.627059	0.7356651	1.27221
1326	-1088.26	-1694.127	605.8672	1.174598	2.566628	0.6730351	2.070186
1332	-1089.252	-1694.752	605.5001	1.030434	2.112795	0.5509995	2.655889
1338	-1101.504	-1707.639	606.1348	1.058898	2.663828	0.7463558	1.874205
1344	-1099.953	-1705.867	605.9142	1.262335	3.186409	0.749335	1.726386
1350	-1119.331	-1725.4	606.0693	1.321048	2.084089	1.167393	1.637626
1356	-1114.711	-1721.444	606.7323	1.343969	2.03682	0.7980554	1.428307
1362	-1096.065	-1702.195	606.1303	1.283796	2.658018	1.003483	1.516968
1368	-1091.715	-1698.019	606.3038	1.158153	1.636208	0.7903824	2.045642
1374	-1099.507	-1705.457	605.9502	0.9489406	1.782765	0.7856856	2.350705
1380	-1086.514	-1692.248	605.7331	0.943586	1.467529	0.6188737	2.759675
1386	-1074.132	-1680.254	606.1215	1.034844	1.543169	0.9258802	2.188919
1392	-1084.536	-1690.888	606.3521	1.005305	1.729651	0.5164086	2.317982
1398	-1077.802	-1684.285	606.4824	1.094499	1.515252	0.7697643	2.042554
1404	-1071.317	-1678.059	606.7421	1.285459	1.962652	0.8209858	1.478196
1410	-1083.909	-1689.975	606.0663	1.158492	2.651971	0.660629	1.932341
1416	-1084.594	-1690.911	606.3167	1.076414	2.018948	0.8499452	1.883416
1422	-1094.979	-1701.356	606.3765	1.035558	1.493525	0.7012091	2.21693
1428	-1099.718	-1705.478	605.7604	1.087982	1.88121	0.8929253	2.265572
1434	-1103.907	-1710.114	606.2071	1.072184	1.852174	1.069871	1.874454
1440	-1090.705	-1696.458	605.7539	1.174145	1.6289	1.245114	2.101885
1446	-1104.626	-1710.459	605.8327	1.203117	2.545074	0.64472	2.10631
1452	-1094.346	-1701.103	606.7563	1.343647	1.836636	0.64472	1.645309
1458	-1084.891	-1692.396	607.5048	1.394698	1.561331	0.542192	1.291623
1464	-1090.472	-1697.306	606.8345	1.19817	2.108645	0.5311022	1.697842
1470	-1101.733	-1708.394	606.6617	1.146541	2.202954	0.7820771	1.573778
1476	-1103.412	-1710.343	606.9302	1.108467	2.088624	0.6012738	1.62555
1482	-1102.938	-1708.928	605.991	1.081816	1.976164	0.7153503	2.218952
1488	-1098.751	-1704.742	605.991	1.081816	1.976164	0.7153503	2.218952
1494	-1096.512	-1703.437	606.9251	1.380635	1.713725	0.5416742	1.662947
1500	-1095.991	-1701.982	605.991	1.081816	1.976164	0.7153503	2.218952
1506	-1096.445	-1702.436	605.991	1.081816	1.976164	0.7153503	2.218952
1512	-1099.566	-1705.557	605.991	1.081816	1.976164	0.7153503	2.218952
1518	-1099.493	-1705.484	605.991	1.081816	1.976164	0.7153503	2.218952
1524	-1095.998	-1701.989	605.991	1.081816	1.976164	0.7153503	2.218952
1530	-1093.721	-1699.712	605.991	1.081816	1.976164	0.7153503	2.218952
1536	-1094.27	-1700.261	605.991	1.081816	1.976164	0.7153503	2.218952
1542	-1094.833	-1700.824	605.991	1.081816	1.976164	0.7153503	2.218952
1548	-1094.976	-1700.966	605.991	1.081816	1.976164	0.7153503	2.218952
1554	-1102.293	-1708.284	605.991	1.081816	1.976164	0.7153503	2.218952
1560	-1098.338	-1704.329	605.991	1.081816	1.976164	0.7153503	2.218952
1566	-1099.492	-1705.483	605.991	1.081816	1.976164	0.7153503	2.218952
1572	-1098.042	-1704.033	605.991	1.081816	1.976164	0.7153503	2.218952
1578	-1098.43	-1704.421	605.991	1.081816	1.976164	0.7153503	2.218952
1584	-1097.875	-1703.866	605.991	1.081816	1.976164	0.7153503	2.218952
1590	-1101.562	-1707.553	605.991	1.081816	1.976164	0.7153503	2.218952
1596	-1102.596	-1708.587	605.991	1.081816	1.976164	0.7153503	2.218952
1602	-1102.811	-1708.802	605.991	1.081816	1.976164	0.7153503	2.218952
1608	-1098.498	-1704.489	605.991	1.081816	1.976164	0.7153503	2.218952
1614	-1107.241	-1713.232	605.991	1.081816	1.976164	0.7153503	2.218952
1620	-1106.348	-1712.339	605.991	1.081816	1.976164	0.7153503	2.218952
1626	-1112.321	-1718.312	605.991	1.081816	1.976164	0.7153503	2.218952
1632	-1112.401	-1718.392	605.991	1.081816	1.976164	0.7153503	2.218952
1638	-1107.531	-1713.522	605.991	1.081816	1.976164	0.7153503	2.218952
1644	-1109.996	-1716.081	606.0853	1.277191	1.618325	1.193228	1.845615
1650	-1106.52	-1712.511	605.991	1.081816	1.976164	0.7153503	2.218952
1656	-1101.196	-1707.187	605.991	1.081816	1.976164	0.7153503	2.218952
1662	-1116.143	-1721.953	605.8105	1.04153	1.953609	0.8485145	2.26664
1668	-1121.723	-1727.321	605.5979	1.054139	2.689199	0.9288405	2.089052
1674	-1104.063	-1709.69	605.6268	1.069182	2.732115	0.9393603	2.039731
1680	-1107.4	-1713.797	606.3966	1.158052	3.114807	0.5598668	1.663212
1686	-1105.801	-1712.325	606.5241	1.238574	2.689191	0.755673	1.449655
1692	-1099.767	-1705.993	606.2265	1.22435	3.285505	0.8030339	1.449655
1698	-1078.341	-1684.778	606.4373	1.280345	2.965375	0.5089395	1.649095
1704	-1096.066	-1703.57	607.504	1.144294	1.927345	0.3910653	1.505798
1710	-1095.713	-1701.872	606.159	1.370545	2.895741	1.005359	1.344049
1716	-1101.243	-1708.218	606.9753	1.382012	1.760917	0.7832538	1.35451
1722	-1097.36	-1703.352	605.9929	1.377841	3.326666	0.9907874	1.340419
1728	-1078.878	-1685.064	606.186	1.527359	2.57871	1.065249	1.265372
1734	-1086.64	-1692.56	605.9201	1.352611	2.738507	1.359019	1.355099
1740	-1071.257	-1677.584	606.3271	1.234593	2.477541	0.8399596	1.600425
1746	-1085.002	-1690.843	605.8415	1.390998	2.669262	1.317238	1.437492
1752	-1074.198	-1680.268	606.0705	1.347208	2.938849	0.7925146	1.590328
1758	-1080.925	-1687.131	606.2059	1.443461	1.833604	1.035865	1.646901
1764	-1096.26	-1702.284	606.0238	1.447968	2.232027	1.323546	1.417775
1770	-1098.808	-1705.349	606.5418	1.448588	2.346405	0.9829333	1.197613
1776	-1094.447	-1700.658	606.2108	1.399166	1.691091	1.373785	1.527836
1782	-1099.772	-1705.822	606.0492	1.364465	3.304673	1.127753	1.203874
1788	-1084.15	-1690.806	606.6562	1.434985	2.99589	0.8083751	1.000044
1794	-1068.703	-1675.419	606.7166	1.547864	2.346943	0.9282494	0.997124
1800	-1074.259	-1681.032	606.7733	1.547864	2.520995	0.9146038	0.8559639
1806	-1076.415	-1682.696	606.2811	1.547864	2.920546	1.239004	0.8559639
1812	-1079.641	-1686.207	606.566	1.76912	2.650498	0.9647734	0.6669796
1818	-1072.141	-1678.778	606.6367	1.653221	3.168242	0.7616276	0.7467917
1824	-1066.556	-1672.693	606.1367	1.732292	4.255133	0.8284723	0.6616833
1830	-1078.842	-1685.178	606.3368	1.508055	3.623125	0.8385749	0.9640525
1836	-1080.758	-1687.524	606.7656	1.545679	3.499179	0.4922057	1.017837
1842	-1084.813	-1691.91	607.0969	1.487505	2.771707	0.6612182	0.7539886
1848	-1080.354	-1687.043	606.6897	1.669067	2.771707	0.8363904	0.7656902
1854	-1082.468	-1689.19	606.7223	1.563743	2.474284	0.9235521	0.9118613
1860	-1101.158	-1707.917	606.7585	1.671326	1.88359	1.115362	0.903025
1866	-1089.139	-1695.862	606.7235	1.666016	2.624792	0.8694771	0.7656863
1872	-1094.628	-1701.505	606.8768	1.666016	2.31161	0.8694771	0.7691194
1878	-1093.753	-1700.354	606.6004	1.666016	2.806757	0.9434436	0.7025162
1884	-1104.967	-1712.298	607.3307	1.742938	2.292392	0.5445865	0.5781216
1890	-1101.852	-1708.685	606.8329	1.601038	3.033811	0.7100289	0.7090771
1896	-1094.713	-1701.089	606.3754	1.504806	5.381158	0.4712605	0.8897497
1902	-1091.821	-1698.761	606.9397	1.457269	3.542384	0.5015351	0.8947195
1908	-1087.032	-1693.788	606.7556	1.485793	2.087799	1.12692	0.9646999
1914	-1084.824	-1691.875	607.0508	1.48863	2.351488	0.7256764	0.952643
1920	-1078.164	-1684.599	606.4345	1.48863	2.672559	0.9861285	1.11296
1926	-1076.182	-1682.982	606.8007	1.558845	3.075027	0.6315323	0.9212097
1932	-1092.543	-1699.509	606.9661	1.768234	2.39786	0.7344349	0.6350125
1938	-1103.061	-1709.174	606.1127	1.700131	4.794356	0.7333399	0.6742306
1944	-1085.436	-1692.135	606.6992	1.856226	2.719019	0.7759522	0.5435229
1950	-1070.394	-1677.023	606.6296	1.607313	2.719019	0.8799351	0.8887872
1956	-1089.348	-1696.009	606.6616	1.668609	2.180535	1.05164	0.8887872
1962	-1099.136	-1705.786	606.65	1.619199	3.437221	0.6678513	0.7967885
1968	-1095.013	-1701.827	606.8138	1.686935	3.120884	0.5921456	0.7967885
1974	-1105.801	-1712.256	606.4549	1.844937	3.340978	0.7569075	0.605416
1980	-1092.327	-1697.273	604.9456	1.064811	3.940538	0.7660707	2.303583
1986	-1075.415	-1681.491	606.076	1.025918	2.487277	0.8314568	1.925156
1992	-1067.451	-1673.043	605.592	1.246783	2.761655	0.9537561	1.925156
1998	-1085.921	-1691.381	605.4598	1.193265	1.841033	1.036977	2.311704
2004	-1084.554	-1690.283	605.7293	1.121577	1.859003	0.7535736	2.375503
2010	-1082.608	-1688.559	605.95	1.147124	2.53231	0.6744147	2.043408
2016	-1081.533	-1687.81	606.2763	1.237207	3.13381	0.6744147	1.568973
2022	-1087.812	-1694.392	606.5801	1.032577	3.105876	0.6096443	1.570543
2028	-1097.269	-1702.989	605.7202	0.9726048	3.80321	0.6208261	2.014414
2034	-1089.719	-1695.875	606.1551	0.890078	2.525219	0.4975533	2.250775
2040	-1073.074	-1678.9	605.8263	0.9476284	1.742207	0.8002721	2.435539
2046	-1076.852	-1682.669	605.8176	1.045385	2.855126	0.8002721	1.994598
2052	-1082.728	-1688.971	606.243	1.199105	2.855126	0.8422376	1.556861
2058	-1084.293	-1690.21	605.9167	1.147955	2.005209	0.8778287	2.08757
2064	-1088.616	-1694.617	606.0014	1.029476	2.617829	0.6429179	2.088319
2070	-1096.697	-1703.388	606.6904	1.190878	2.62558	0.6138443	1.524312
2076	-1096.821	-1703.732	606.9114	1.275871	2.59196	0.7213294	1.177988
2082	-1105.79	-1712.691	606.9004	1.445713	1.951664	0.6301437	1.425358
2088	-1096.867	-1703.433	606.5661	1.471199	2.952446	0.7242429	1.163022
2094	-1080.106	-1686.916	606.8097	1.482095	2.092358	0.8870223	1.142494
2100	-1083.016	-1689.663	606.6472	1.469849	2.171701	0.8870223	1.254468
2106	-1078.304	-1684.421	606.1164	1.336947	2.618166	0.8144649	1.650741
2112	-1082.689	-1689.384	606.6945	1.198913	2.107654	0.8144649	1.521542
2118	-1081.093	-1688.125	607.0325	1.256899	2.068894	0.6697894	1.373878
2124	-1083.343	-1689.938	606.595	1.468342	2.541912	0.8897949	1.133643
2130	-1091.18	-1698.206	607.0256	1.429832	2.375873	0.6378388	1.133643
2136	-1096.301	-1703.178	606.8762	1.429872	2.47695	0.5293892	1.351158
2142	-1089.602	-1695.646	606.0434	1.309182	2.359753	0.981293	1.684457
2148	-1077.244	-1683.642	606.3978	1.148114	2.841409	0.8228677	1.500739
2154	-1087.884	-1693.672	605.7874	1.097288	2.602147	0.7949268	2.061449
2160	-1063.613	-1669.393	605.7799	1.006579	1.967195	0.8451306	2.305846
2166	-1075.271	-1681.174	605.9028	0.9863018	2.811301	0.8170618	1.977057
2172	-1071.54	-1677.786	606.2453	0.9212407	2.228269	0.6065365	2.161737
2178	-1068.575	-1674.627	606.0525	0.9421797	2.215821	0.722823	2.175547
2184	-1078.972	-1685.868	606.8962	1.345659	2.250489	0.5170025	1.505522
2190	-1088.106	-1694.819	606.7134	1.217619	2.741657	0.6000129	1.46135
2196	-1091.805	-1698.374	606.5696	1.218865	3.361941	0.7671654	1.187674
2202	-1077.925	-1684.523	606.5976	1.230212	2.854892	0.6037761	1.496754
2208	-1070.048	-1675.978	605.93	1.166528	4.113076	0.5319009	1.758578
2214	-1067.489	-1673.99	606.5014	1.140694	4.098396	0.3679862	1.581984
2220	-1074.873	-1680.999	606.1264	1.108463	3.198423	0.215008	2.325575
2226	-1075.649	-1682.167	606.5178	0.8909515	1.626203	0.5203487	2.325575
2232	-1074.893	-1681.603	606.7097	1.199816	1.944134	0.6224462	1.755502
2238	-1090.072	-1696.703	606.6311	1.20018	1.891995	0.6160734	1.837882
2244	-1085.326	-1692.153	606.8273	1.108286	1.830993	0.5614203	1.847624
2250	-1083.321	-1689.932	606.611	1.175947	3.254387	0.5747755	1.433047
2256	-1085.091	-1691.519	606.4275	1.102034	2.626262	0.5987224	1.791717
2262	-1084.296	-1689.815	605.5188	0.9801092	2.626262	0.9388898	2.201234
2268	-1085.587	-1691.297	605.7101	0.8846949	1.977378	0.698409	2.535135
2274	-1071.458	-1677.301	605.843	1.05981	2.951012	0.7353324	1.992843
2280	-1088.437	-1695.28	606.843	1.184885	2.119352	0.6323902	1.588608
2286	-1091.354	-1698.429	607.0751	1.14892	2.731406	0.5226344	1.328629
2292	-1086.684	-1692.982	606.2981	1.126245	2.587694	0.6760463	1.802665
2298	-1103.396	-1709.31	605.9145	1.028039	2.550679	0.8382648	2.006005
2304	-1104.657	-1711.277	606.6199	1.343406	2.432388	0.8225886	1.327281
2310	-1100.319	-1706.625	606.306	1.438885	2.744863	0.986196	1.238983
2316	-1099.541	-1706.367	606.8261	1.368716	2.58328	0.8086675	1.079162
2322	-1094.755	-1701.401	606.6462	1.502907	2.629721	0.9555475	0.942491
2328	-1088.078	-1694.627	606.549	1.42454	3.21228	0.7751856	1.065584
2334	-1092.92	-1699.675	606.755	1.380894	1.59169	0.9646541	1.458776
2340	-1102.649	-1709.662	607.0135	1.41994	1.967809	0.8726711	1.093998
2346	-1098.571	-1706.089	607.5179	1.505992	1.61571	0.6586467	0.9951484
2352	-1076.981	-1684.01	607.029	1.363032	2.018704	0.7934961	1.185064
2358	-1085.479	-1691.805	606.3259	1.174657	2.187723	0.9167027	1.691838
2364	-1100.296	-1706.39	606.0935	1.252502	2.45589	0.9167027	1.702189
2370	-1099.345	-1706.078	606.7334	1.212121	2.528217	0.65904	1.463775
2376	-1099.555	-1705.533	605.9771	1.080846	2.076083	0.8606257	2.077612
2382	-1098.71	-1705.946	607.2362	1.234497	2.185928	0.4965059	1.382838
2388	-1100.045	-1706.445	606.4002	1.150385	2.950614	0.4965059	1.785852
2394	-1103.835	-1710.961	607.1256	1.54347	2.395272	0.5701354	1.016253
2400	-1093.864	-1700.896	607.032	1.391869	3.07631	0.4447855	1.144941
2406	-1095.126	-1701.765	606.6393	1.513099	3.219553	0.6645736	1.026699
2412	-1100.967	-1708.425	607.4578	1.547787	2.254268	0.5173243	0.8164369
2418	-1101.623	-1708.762	607.1387	1.341382	2.133853	0.7872668	1.052756
2424	-1112.768	-1719.426	606.658	1.284132	2.129208	0.8741216	1.424288
2430	-1094.202	-1700.314	606.1119	1.079434	1.870512	0.8722107	2.061559
2436	-1090.202	-1696.399	606.1971	1.376747	2.241245	0.9442052	1.597526
2442	-1080.492	-1687.129	606.6371	1.362298	1.979677	0.8902857	1.432643
2448	-1081.545	-1687.454	605.9093	1.168995	2.757962	1.106928	1.655976
2454	-1081.763	-1688.678	606.9143	1.355342	2.779699	0.6587291	1.100161
2460	-1075.678	-1682.98	607.3015	1.488101	2.213806	0.5962321	0.951023
2466	-1083.176	-1690.183	607.0075	1.343925	1.983682	0.7273677	1.30398
2472	-1077.743	-1683.37	605.6265	0.8694287	1.883447	0.6617887	2.661598
2478	-1085.199	-1689.854	604.6553	0.8496138	2.515109	0.8464948	2.915828
2484	-1083.335	-1688.83	605.4949	0.991083	3.037017	0.6615838	2.303455
2490	-1072.398	-1678.493	606.0955	0.9242791	2.485596	0.5808835	2.195273
2496	-1077.125	-1683.153	606.0285	0.8437917	1.821823	0.6600926	2.452902
2502	-1080.907	-1686.468	605.5613	0.9778451	2.038079	0.5877565	2.642614
2508	-1088.622	-1694.448	605.8265	0.8675215	2.555131	0.6351137	2.332435
2514	-1103.608	-1709.33	605.7214	0.8206992	1.867293	0.9352649	2.43677
2520	-1104.118	-1710.275	606.1569	0.8111386	1.825766	0.440146	2.605258
2526	-1087.543	-1693.189	605.6466	0.9470266	3.261974	0.5012966	2.328735
2532	-1080.767	-1686.696	605.9284	1.061973	2.511639	0.5116438	2.275348
2538	-1081.008	-1687.406	606.398	1.090466	3.641953	0.4263131	1.724316
2544	-1077.916	-1684.308	606.3919	1.079095	3.144375	0.5287901	1.74809
2550	-1104.74	-1711.719	606.9787	1.424861	2.695572	0.5720479	1.126013
2556	-1099.077	-1705.868	606.7909	1.507769	2.719572	0.8148766	0.901993
2562	-1091.82	-1698.342	606.5213	1.49816	2.688584	0.8693368	1.130792
2568	-1081.625	-1688.703	607.0784	1.500923	3.070058	0.4946422	0.9114027
2574	-1066.092	-1672.7	606.6084	1.65164	2.199224	1.107794	0.8967185
2580	-1071.427	-1678.439	607.0124	1.663209	2.419872	0.7379795	0.7178842
2586	-1078.117	-1684.9	606.7826	1.667859	2.851094	0.7080813	0.80487
2592	-1060.567	-1667.38	606.8132	1.503479	3.074184	0.6155296	0.9903381
2598	-1073.119	-1680.173	607.0531	1.392727	2.659933	0.6282502	1.025563
2604	-1077.279	-1683.871	606.5921	1.506112	2.769093	0.8746481	1.017019
2610	-1071.26	-1678.343	607.0825	1.508943	2.697866	0.5774799	0.9339382
2616	-1065.357	-1671.671	606.3139	1.346955	3.333103	0.6440936	1.429527
2622	-1078.056	-1684.925	606.8686	1.226953	2.680775	0.5407204	1.425316
2628	-1085.72	-1692.295	606.5756	1.325432	2.760833	0.7559851	1.315123
2634	-1097.108	-1704.711	607.603	1.337835	1.799415	0.4646545	1.230395
2640	-1105.279	-1711.74	606.461	1.33517	2.598666	0.895924	1.330251
2646	-1097.692	-1704.217	606.5252	1.327202	2.553278	0.895924	1.302407
2652	-1100.361	-1706.396	606.0356	1.344987	3.492345	0.7652064	1.476906
2658	-1092.55	-1698.95	606.4001	1.087423	3.768451	0.5216646	1.574829
2664	-1104.99	-1710.806	605.8154	1.040334	2.589146	0.6503788	2.204639
2670	-1106.997	-1712.889	605.8922	0.9897341	2.533837	0.6507394	2.204639
2676	-1094.784	-1699.949	605.1653	0.9718244	1.877281	1.004491	2.641038
2682	-1102.373	-1707.775	605.4021	0.8335912	2.344271	0.710811	2.622111
2688	-1101.723	-1708.142	606.4196	0.9811892	2.344271	0.4865178	2.090724
2694	-1104.105	-1710.524	606.4193	1.087827	2.866656	0.3780704	1.987026
2700	-1089.54	-1695.351	605.8109	0.9896893	2.979336	0.6772319	2.102181
2706	-1091.534	-1697.885	606.3509	1.042796	2.340301	0.4451157	2.143849
2712	-1087.583	-1693.676	606.0933	1.063166	2.064243	0.700472	2.143849
2718	-1081.417	-1688.346	606.9294	1.256269	2.87305	0.4901811	1.350902
2724	-1096.888	-1702.779	605.891	1.081581	3.858502	0.5364649	1.898148
2730	-1088.791	-1694.989	606.1979	1.050284	2.709537	0.449455	2.116003
2736	-1098.408	-1704.516	606.1073	1.061575	3.666114	0.5976092	1.745935
2742	-1096.213	-1702.979	606.7662	1.147893	2.749174	0.6357668	1.432755
2748	-1091.622	-1697.889	606.2672	1.160491	2.749174	0.6827907	1.741637
2754	-1085.232	-1691.672	606.44	1.186682	3.012249	0.5333283	1.671823
2760	-1067.951	-1674.128	606.1767	1.295982	3.115327	0.7343952	1.547393
2766	-1061.878	-1667.7	605.8221	1.160579	2.764149	0.6286388	2.088491
2772	-1063.605	-1669.941	606.3365	1.276509	3.405071	0.6747554	1.412745
2778	-1094.442	-1701.1	606.6576	1.293499	2.631816	0.6747554	1.405133
2784	-1088.746	-1695.231	606.4853	1.155146	2.418821	0.6747554	1.710819
2790	-1093.343	-1699.743	606.4001	1.259099	2.418821	0.8887759	1.510123
2796	-1084.753	-1690.741	605.9884	1.316284	1.944823	1.152388	1.765351
2802	-1080.733	-1687.064	606.3315	1.447871	2.598119	0.8398293	1.393002
2808	-1079.617	-1686.176	606.5597	1.363917	2.189675	0.5455019	1.727179
2814	-1079.135	-1684.747	605.6124	1.121357	2.179739	0.7417598	2.340476
2820	-1077.971	-1683.348	605.3771	1.074663	2.215545	0.9751036	2.340476
2826	-1069.694	-1676.549	606.8544	1.282906	1.906236	0.5339336	1.704468
2832	-1091.464	-1697.222	605.7581	1.154291	3.437971	0.6651726	1.915448
2838	-1097.833	-1704.074	606.2417	1.211428	2.521763	0.6896395	1.792325
2844	-1092.617	-1698.027	605.4101	1.34193	2.722292	1.346308	1.752934
2850	-1092.692	-1698.938	606.246	1.334156	2.346071	0.8846212	1.599091
2856	-1103.7	-1710.669	606.9685	1.420194	2.054881	0.6946804	1.274029
2862	-1100.012	-1707.11	607.0983	1.420194	2.834416	0.3903924	1.240836
2868	-1102.031	-1709.097	607.0657	1.305368	2.499859	0.4372643	1.413786
2874	-1099.233	-1705.494	606.2607	1.374411	4.12866	0.7464755	1.104096
2880	-1100.75	-1707.644	606.8942	1.400185	2.685134	0.4563212	1.378009
2886	-1083.608	-1690.214	606.606	1.339138	2.685134	0.7308988	1.332741
2892	-1082.08	-1688.671	606.5905	1.360422	3.030044	0.695678	1.240231
2898	-1084.942	-1691.29	606.3486	1.070965	2.125061	0.8037197	1.860421
2904	-1088.36	-1694.099	605.7389	0.9574289	2.578808	0.6434523	2.316313
2910	-1081.987	-1687.76	605.7724	0.9766369	2.645083	0.6434523	2.262441
2916	-1085.377	-1691.057	605.6798	1.054993	2.981066	0.6682479	2.152557
2922	-1080.548	-1686.686	606.1375	1.197057	1.585041	0.8225545	2.127992
2928	-1088.039	-1694.248	606.2087	1.354696	2.135691	0.4255657	2.127992
2934	-1079.239	-1686.249	607.0099	1.279874	2.406583	0.6021715	1.303986
2940	-1102.311	-1708.401	606.0902	1.06247	2.966344	0.767031	1.791875
2946	-1100.375	-1706.366	605.9902	1.018885	1.839603	0.5563823	2.453887
2952	-1097.452	-1704.156	606.7047	1.334437	2.866856	0.6846609	1.237376
2958	-1092.606	-1699.173	606.5677	1.284129	2.753885	0.8643022	1.254208
2964	-1087.275	-1693.904	606.6287	1.355729	1.735899	0.9956652	1.475673
2970	-1078.711	-1684.436	605.7252	1.192635	3.202659	0.4092239	2.240567
2976	-1083.737	-1689.07	605.3328	1.005204	3.628311	0.4639655	2.442308
2982	-1075.883	-1681.551	605.6676	0.9866845	3.096473	0.7041454	2.142506
2988	-1073.903	-1680.279	606.3765	1.083348	2.982222	0.6135162	1.713738
2994	-1073.627	-1679.653	606.0256	1.220878	2.832334	0.6906432	1.834199
3000	-1079.346	-1685.807	606.4611	1.070106	2.17048	0.6742737	1.877676
3006	-1086.089	-1691.794	605.7044	1.070106	2.979001	0.6742737	2.121917
3012	-1091.88	-1698.232	606.3524	1.033291	2.651448	0.6721342	1.812166
3018	-1087.693	-1693.595	605.902	1.003623	2.36765	0.6721342	2.224249
3024	-1085.195	-1691.498	606.303	1.182203	2.066786	0.7115211	1.915249
3030	-1085.478	-1691.873	606.3951	1.172847	2.51689	0.812446	1.604892
3036	-1088.125	-1694.08	605.9551	1.127281	2.994233	0.6579738	1.927759
3042	-1072.859	-1678.756	605.8973	1.110605	2.61325	0.6582167	2.091028
3048	-1076.033	-1682.371	606.3376	1.174949	2.174453	0.6373287	1.923079
3054	-1071.832	-1677.762	605.9299	1.082168	2.314836	0.4623119	2.377851
3060	-1080.054	-1686.13	606.0764	0.9158264	1.714544	0.6990538	2.388393
3066	-1094.087	-1699.799	605.7116	0.8225378	1.761201	0.6624592	2.685
3072	-1089.438	-1695.276	605.8378	1.093459	3.113386	0.6880505	1.96872
3078	-1084.743	-1691.331	606.5882	1.211752	2.830246	0.5207854	1.61845
3084	-1071.09	-1677.822	606.7328	1.237609	2.150697	0.3803659	1.909526
3090	-1065.79	-1671.923	606.1332	1.091429	3.412815	0.4520852	1.932689
3096	-1070.058	-1676.462	606.4037	1.167058	2.29543	0.650423	1.826671
3102	-1080.591	-1687.411	606.8205	1.054315	2.869803	0.4402666	1.650635
3108	-1078.295	-1684.352	606.0569	1.114479	2.277782	0.6854261	2.069996
3114	-1081.701	-1687.501	605.8	0.920878	3.545401	0.5577969	2.118469
3120	-1079.883	-1685.556	605.6728	0.920878	2.343136	0.6834882	2.421453
3126	-1074.8	-1680.768	605.9683	0.9558224	3.705881	0.6425225	1.861223
3132	-1070.991	-1677.164	606.1725	1.178049	2.401985	0.8794949	1.746496
3138	-1086.771	-1692.978	606.2071	1.177392	3.323538	0.6245031	1.65707
3144	-1093.196	-1699.8	606.6036	1.297767	2.325492	0.6245031	1.607719
3150	-1087.666	-1694.605	606.9391	1.205657	2.241038	0.5232805	1.573679
3156	-1088.626	-1694.876	606.2499	1.172352	2.885346	0.8279604	1.573679
3162	-1085.412	-1692.16	606.7484	1.191935	2.282678	0.7994297	1.427155
3168	-1083.045	-1690.168	607.1227	1.2881	2.28803	0.5365964	1.33556
3174	-1100.428	-1706.574	606.1453	1.250201	2.754139	0.6934416	1.752739
3180	-1090.846	-1696.759	605.9125	1.083867	2.55052	0.9043237	1.92083
3186	-1096.408	-1701.793	605.3848	0.9708687	2.962788	0.6288933	2.434655
3192	-1085.327	-1692.288	606.9611	1.393788	2.453283	0.5386192	1.309876
3198	-1080.128	-1686.477	606.3482	1.394419	2.901167	0.7202401	1.42593
3204	-1097.029	-1703.007	605.9773	1.180133	2.455942	0.9352105	1.820217
3210	-1071.183	-1677.331	606.1477	1.163223	2.757898	0.6826218	1.820217
3216	-1069.111	-1675.257	606.1464	1.159839	2.971822	0.6837183	1.756967
3222	-1061.447	-1667.016	605.569	1.100616	2.798855	0.8033409	2.136384
3228	-1067.755	-1673.442	605.6866	1.028943	2.992831	0.5072406	2.315282
3234	-1050.862	-1656.71	605.8483	0.9728292	2.455481	0.6231304	2.293302
3240	-1055.083	-1660.866	605.783	1.096032	2.510436	0.6836861	2.185203
3246	-1053.781	-1660.248	606.4671	1.016713	2.127612	0.7492952	1.860403
3252	-1046.314	-1652.974	606.6595	1.078756	2.363331	0.6748788	1.661289
3258	-1055.556	-1662.014	606.4581	1.091796	2.294024	0.4920947	2.003255
3264	-1057.741	-1664.103	606.3624	1.252089	4.295137	0.4716877	1.40911
3270	-1060.449	-1666.81	606.3612	1.281555	2.98201	0.7033728	1.491826
3276	-1062.904	-1669.15	606.2463	1.167568	3.345629	0.6215364	1.632843
3282	-1070.087	-1677.218	607.1312	1.357449	2.122698	0.5591474	1.317139
3288	-1072.135	-1679.367	607.2311	1.500465	3.058153	0.4388472	0.8531047
3294	-1087.118	-1693.982	606.8639	1.559693	2.670693	0.6148183	1.060452
3300	-1088.941	-1696.1	607.159	1.512764	2.246064	0.4552982	1.251387
3306	-1089.106	-1695.49	606.3844	1.333209	3.435098	0.7408883	1.251387
3312	-1089.868	-1696.398	606.5297	1.333209	3.004882	0.8050623	1.209146
3318	-1093.421	-1700.235	606.8138	1.40482	2.499522	0.7379953	1.171341
3324	-1096.458	-1703.398	606.9396	1.406372	2.250939	0.7379953	1.171341
3330	-1094.946	-1701.835	606.8892	1.2974	2.728572	0.5130478	1.371643
3336	-1104.061	-1710.416	606.3544	1.251589	3.213676	0.7382293	1.412882
3342	-1094.94	-1701.322	606.3818	1.353837	3.291009	0.6179196	1.412882
3348	-1096.829	-1703.403	606.5737	1.414143	2.971248	0.6167442	1.318807
3354	-1093.317	-1699.577	606.2604	1.238203	3.626722	0.6637183	1.448383
3360	-1083.339	-1690.316	606.9771	1.353974	2.376887	0.6116133	1.271417
3366	-1080.358	-1687.07	606.7114	1.596981	2.376887	0.9790603	0.8768856
3372	-1084.541	-1691.229	606.6882	1.384197	3.876306	0.5953847	0.9592044
3378	-1091.337	-1698.309	606.9724	1.38669	2.809673	0.6956682	0.951533
3384	-1083.556	-1690.669	607.1125	1.524442	2.561724	0.6245034	0.8787295
3390	-1085.226	-1691.62	606.3938	1.616343	3.575838	0.7788036	0.8787295
3396	-1085.455	-1691.849	606.3938	1.616343	3.575838	0.7788036	0.8787295
3402	-1078.135	-1684.571	606.4361	1.375833	3.287151	0.7573534	1.202973
3408	-1076.99	-1683.591	606.6013	1.501562	3.235659	0.6607485	1.072802
3414	-1064.799	-1671.968	607.1687	1.464269	2.397974	0.6668892	0.9088241
3420	-1072.896	-1679.989	607.0934	1.584069	2.865287	0.502306	0.8853459
3426	-1080.848	-1687.223	606.3751	1.639337	3.436348	0.9005438	0.7622021
3432	-1071.831	-1678.571	606.7397	1.662852	1.918165	1.096408	0.9292379
3438	-1076.901	-1684.133	607.2327	1.692751	2.172841	0.6249874	0.7644309
3444	-1076.808	-1683.732	606.924	1.653957	2.350907	0.8227844	0.7653119
3450	-1085.786	-1692.521	606.7353	1.451383	2.494492	0.961378	0.9652456
3456	-1074.287	-1680.943	606.6557	1.472432	3.478423	0.628926	0.9997287
3462	-1059.774	-1667.031	607.2573	1.417699	2.420323	0.6553716	0.8655653
3468	-1069.928	-1676.581	606.6537	1.417699	2.993405	0.6698219	1.179969
3474	-1062.084	-1668.478	606.3946	1.37724	2.550779	0.6964569	1.548266
3480	-1073.816	-1680.69	606.8734	1.525721	2.051007	0.9354289	1.015981
3486	-1082.376	-1688.474	606.0984	1.574225	3.206776	1.161664	0.9711664
3492	-1078.921	-1685.842	606.9216	1.475507	2.409405	0.8034632	0.9711664
3498	-1070.175	-1676.526	606.3508	1.375397	3.177113	0.8173249	1.252031
3504	-1087.775	-1695.056	607.2812	1.375397	2.042401	0.6418563	1.11055
3510	-1108.332	-1713.697	605.3649	1.033031	3.909922	0.8254485	2.012274
3516	-1117.885	-1723.343	605.4583	1.009222	2.830406	0.5240168	2.499312
3522	-1103.251	-1708.486	605.2352	1.022644	3.102667	0.6214604	2.465671
3528	-1088.491	-1693.464	604.9732	0.8982934	3.854096	0.5717402	2.574741
3534	-1097.236	-1703.481	606.2454	1.021014	1.909315	0.6166895	2.205859
3540	-1094.59	-1700.112	605.5225	1.269164	1.909315	0.8967391	2.288255
3546	-1086.629	-1692.578	605.9483	1.131862	1.838521	1.040023	2.033309
3552	-1086.259	-1692.077	605.818	0.9898925	2.859411	0.5785102	2.221753
3558	-1068.475	-1674.519	606.0439	0.9522895	2.550396	0.5485847	2.221753
3564	-1085.407	-1691.114	605.7076	1.009358	2.83093	0.4982535	2.368627
3570	-1077.58	-1683.665	606.0845	1.104589	2.747449	0.7245662	1.869711
3576	-1082.414	-1688.517	606.1037	1.05992	2.299567	0.8295287	1.94947
3582	-1080.256	-1686.333	606.0769	1.114481	1.7259	0.8102212	2.168161
3588	-1087.177	-1693.454	606.2776	1.090295	2.278234	1.009384	1.683749
3594	-1067.021	-1672.965	605.9437	1.090295	1.819865	0.8014597	2.237386
3600	-1070.608	-1676.148	605.5405	1.105482	2.362263	0.9826476	2.160989
3606	-1086.481	-1692.89	606.4089	1.023488	2.1646	0.7296302	1.898175
3612	-1077.312	-1683.024	605.7121	0.9951497	2.042812	0.9764466	2.237902
3618	-1080.331	-1685.769	605.4373	0.9645175	2.124145	1.25728	2.237902
3624	-1078.33	-1683.407	605.0773	1.124054	2.270454	1.268688	2.309144
3630	-1075.924	-1681.973	606.0492	1.224427	2.156859	0.9562198	1.833138
3636	-1079.026	-1685.434	606.4081	1.294493	2.019966	0.8581364	1.660907
3642	-1078.307	-1684.413	606.1061	1.227549	2.368305	0.8234653	1.81413
3648	-1083.222	-1689.089	605.8669	1.197372	2.173613	1.196211	1.81413
3654	-1086.558	-1692.526	605.9674	1.220854	2.947298	0.7192236	1.81413
3660	-1081.734	-1688.034	606.3006	1.201624	2.67671	0.8285622	1.583617
3666	-1088.962	-1695.305	606.3435	1.174433	2.362718	0.6423569	1.84658
3672	-1087.138	-1693.605	606.4677	1.200149	2.362718	0.7371011	1.654266
3678	-1088.436	-1694.986	606.5502	1.220678	1.845885	0.8663034	1.68059
3684	-1092.298	-1698.593	606.2951	1.31182	2.76863	0.7877259	1.510414
3690	-1093.173	-1699.465	606.2921	1.303768	2.767827	0.6569804	1.640799
3696	-1093.158	-1699.197	606.0385	1.255515	4.115497	0.8292888	1.314621
3702	-1095.655	-1701.898	606.2432	1.255515	2.823662	0.8292888	1.536308
3708	-1087.005	-1692.911	605.9055	1.150701	2.256244	1.066244	1.870308
3714	-1085.283	-1690.8	605.5163	0.8961015	2.737509	0.6322847	2.458692
3720	-1071.507	-1677.175	605.6682	0.9728003	2.288389	0.8458474	2.283484
3726	-1078.517	-1683.886	605.3693	0.8750898	3.234726	0.7016294	2.371801
3732	-1068.198	-1674.001	605.8027	0.9505033	2.449453	0.6056629	2.354367
3738	-1069.57	-1675.416	605.8458	0.970578	2.945766	0.4606055	2.314179
3744	-1083.021	-1688.764	605.7433	0.8662667	4.327555	0.612451	1.961485
3750	-1077.493	-1683.816	606.3235	1.046582	2.857186	0.5215213	1.909569
3756	-1086.182	-1691.909	605.7271	1.084195	3.718848	0.475048	2.105619
3762	-1073.577	-1680	606.4236	1.088051	3.387954	0.4807897	1.706915
3768	-1061.088	-1666.961	605.8726	1.134016	3.211742	0.7136793	1.868175
3774	-1072.78	-1679.017	606.2376	1.118987	2.961449	0.8613893	1.569848
3780	-1086.936	-1693.147	606.2111	1.03654	2.507864	0.6409697	1.981522
3786	-1095.833	-1701.469	605.6363	0.9572941	3.891585	0.9633708	1.781709
3792	-1086.816	-1692.098	605.2821	1.10561	3.891585	0.6939124	2.129621
3798	-1092.677	-1698.477	605.7994	0.9527265	3.487903	0.4706721	2.20416
3804	-1089.927	-1695.737	605.8095	1.204601	2.808991	0.8191387	1.891853
3810	-1082.251	-1688.622	606.3709	1.344191	2.250945	0.9856393	1.456956
3816	-1083.795	-1690.158	606.3634	1.269891	2.316563	0.7350102	1.697807
3822	-1091.885	-1698.082	606.1974	1.01198	1.727473	0.7177669	2.228931
3828	-1081.095	-1686.912	605.8171	1.098999	2.137776	0.7539122	2.228931
3834	-1087.861	-1694.169	606.3075	1.144055	2.067172	0.7539122	1.901728
3840	-1096.169	-1702.568	606.3983	1.018414	2.660172	0.4225697	2.052398
3846	-1093.37	-1699.071	605.7008	1.0343	3.014735	0.669637	2.141803
3852	-1091.286	-1697.366	606.0797	1.129812	2.352417	0.8513259	1.88303
3858	-1109.335	-1715.952	606.6171	1.333037	1.653738	0.9383083	1.585618
3864	-1107.338	-1713.653	606.3149	1.329764	2.61374	0.9238233	1.420113
3870	-1096.545	-1701.968	605.4223	1.097745	1.655367	1.270756	2.339602
3876	-1076.497	-1682.98	606.4833	1.045365	2.625608	0.7231269	1.67379
3882	-1067.693	-1673.969	606.2757	1.181298	2.487377	0.6799351	1.810223
3888	-1077.052	-1683.341	606.2891	1.157654	2.74578	0.637527	1.772342
3894	-1079.197	-1685.363	606.1666	1.045807	3.415883	0.7726974	1.615906
3900	-1077.534	-1684.342	606.8085	1.251992	1.883222	0.7910181	1.515938
3906	-1083.104	-1689.494	606.39	1.264835	2.309639	0.8172633	1.613826
3912	-1080.319	-1686.566	606.2461	1.185442	2.309639	1.043652	1.601931
3918	-1078.119	-1683.682	605.5634	1.152112	2.775791	0.8686851	2.064069
3924	-1076.139	-1681.739	605.6005	0.9037003	1.675839	0.9307458	2.5408
3930	-1084.745	-1691.282	606.537	1.120088	2.041625	0.5671619	1.944652
3936	-1078.507	-1685.126	606.6183	1.101462	1.891189	0.5933568	1.936444
3942	-1076.916	-1683.589	606.6727	1.211584	1.969482	0.9316274	1.491045
3948	-1065.244	-1671.598	606.3539	1.530363	1.969482	0.9316274	1.491045
3954	-1067.343	-1673.697	606.3539	1.530363	1.969482	0.9316274	1.491045
3960	-1069.41	-1675.764	606.3539	1.530363	1.969482	0.9316274	1.491045
3966	-1067.604	-1673.958	606.3539	1.530363	1.969482	0.9316274	1.491045
3972	-1071.83	-1678.32	606.4892	1.530363	1.969482	0.9316274	1.387348
3978	-1078.91	-1685.625	606.7151	1.450855	2.520136	0.6923447	1.257245
3984	-1079.408	-1686.603	607.1957	1.603664	1.981513	0.7296054	0.8859676
3990	-1080.106	-1686.747	606.6414	1.426601	2.65213	0.982389	0.9872403
3996	-1081.26	-1687.392	606.132	1.387804	2.998964	1.047124	1.282907
4002	-1090.07	-1696.496	606.4264	1.496361	2.626845	0.9633012	1.153238
4008	-1090.266	-1697.101	606.835	1.496361	2.985136	0.7839378	0.7583845
4014	-1086.393	-1693.662	607.2684	1.515419	2.162175	0.6333597	0.9307168
4020	-1085.402	-1692.491	607.0889	1.597681	2.120407	0.7338172	0.9169592
4026	-1088.21	-1694.562	606.352	1.633992	2.255071	1.135792	1.114619
4032	-1087.817	-1694.313	606.4958	1.745495	2.255071	1.135792	0.8534837
4038	-1089.517	-1695.729	606.212	1.830852	2.255071	1.500052	0.7177382
4044	-1089.158	-1696.371	607.2132	1.805478	2.087694	0.643133	0.6404648
4050	-1090.995	-1697.932	606.9368	1.720755	2.174514	0.8858844	0.6717962
4056	-1091.561	-1698.507	606.9463	1.770274	2.522079	0.6817729	0.6843649
4062	-1105.572	-1711.99	606.4176	1.535016	2.855542	1.043374	0.9482825
4068	-1092.985	-1699.909	606.9236	1.648659	2.10463	0.9329726	0.7890498
4074	-1082.761	-1689.305	606.5435	1.767251	2.266546	1.111982	0.7843807
4080	-1114.47	-1719.273	604.8036	0.9645	2.383707	0.9462737	2.729984
4086	-1098.837	-1704.862	606.0248	1.105481	1.903082	0.6890874	2.232229
4092	-1083.746	-1690.562	606.8157	1.677758	2.531456	0.8257593	0.7515023
4098	-1077.834	-1684.804	606.9697	1.861042	1.965009	0.8642219	0.6030797
4104	-1085.013	-1691.438	606.4251	1.905578	3.342465	0.7447403	0.541009
4110	-1072.37	-1679.08	606.7101	1.752035	2.657514	0.7925326	0.7661664
4116	-1078.973	-1685.962	606.9887	1.582105	2.530413	0.6996938	0.8543167
4122	-1076.552	-1683.176	606.6241	1.691723	3.45322	0.6948001	0.6532443
4128	-1081.537	-1687.817	606.2803	1.401663	3.260418	1.018188	1.072886
4134	-1085.787	-1692.479	606.6922	1.316765	2.524211	0.8103885	1.264706
4140	-1089.465	-1695.897	606.4316	1.534895	3.354795	0.8567239	0.9200992
4146	-1078.458	-1684.884	606.4263	1.645117	2.724304	0.9979925	0.9322749
4152	-1091.556	-1698.226	606.6704	1.580684	2.065567	1.057826	1.032495
4158	-1094.87	-1701.725	606.8554	1.580291	2.065567	1.057826	0.8325499
4164	-1095.671	-1702.718	607.0465	1.497242	1.851603	0.9863622	0.9362407
4170	-1095.507	-1702.232	606.7257	1.584691	2.857037	0.7587399	0.8945231
4176	-1104.292	-1711.2	606.9077	1.566468	2.447612	0.7801948	0.8973347
4182	-1110.612	-1717.841	607.229	1.322243	2.476607	0.4371782	1.279686
4188	-1093.201	-1699.756	606.5551	1.254961	2.885168	0.4916729	1.628132
4194	-1094.963	-1701.581	606.6176	1.257239	2.312673	0.7559652	1.504661
4200	-1083.167	-1689.811	606.6442	1.16025	2.081783	0.7559652	1.648392
4206	-1080.184	-1686.813	606.6285	1.31067	3.465913	0.3727765	1.520275
4212	-1078.258	-1684.698	606.4404	1.31283	2.54312	0.6477608	1.612374
4218	-1080.002	-1686.278	606.2765	1.306359	3.237404	0.6344401	1.527118
4224	-1086.996	-1693.012	606.0158	1.458975	2.958208	0.929833	1.426333
4230	-1091.359	-1697.976	606.6168	1.407924	2.770601	0.5589949	1.426333
4236	-1086.741	-1693.079	606.3378	1.312159	2.66336	0.6912766	1.603327
4242	-1093.914	-1700.19	606.276	2.009427	2.337585	1.22216	0.5675098
4248	-1096.495	-1703.054	606.5589	1.940427	2.561866	0.8864422	0.4441435
4254	-1109.822	-1715.721	605.8992	1.532271	4.346542	0.829046	1.135726
4260	-1100.248	-1706.943	606.6952	1.554658	2.876389	0.7660871	0.9417838
4266	-1095.452	-1701.958	606.5058	1.554658	2.586744	0.8810608	1.125467
4272	-1086.303	-1692.931	606.6281	1.429616	1.892176	1.383853	1.046457
4278	-1079.677	-1685.963	606.2862	1.627606	2.866073	0.9914864	1.034519
4284	-1090.008	-1696.56	606.552	1.426772	2.231734	0.9914864	1.251208
4290	-1098.188	-1704.773	606.5844	1.49814	2.165959	1.223093	0.9953188
4296	-1093.183	-1699.815	606.6321	1.443272	2.735889	0.8749867	1.053357
4302	-1093.899	-1700.624	606.7249	1.443272	2.327012	0.8601665	1.165444
4308	-1078.252	-1684.896	606.6437	1.524387	2.327012	0.8601665	1.165444
4314	-1080.126	-1686.948	606.8213	1.620971	4.22487	0.3896065	0.7966472
4320	-1087.206	-1693.855	606.6489	1.660646	3.738504	0.6078094	0.6938213
4326	-1091.514	-1698.206	606.6916	1.584954	2.936064	0.708367	0.9624347
4332	-1086.334	-1693.152	606.8185	1.326906	3.630295	0.4642098	1.170166
4338	-1094.944	-1702.043	607.0992	1.307941	2.981029	0.5093999	1.096572
4344	-1091.275	-1697.919	606.6437	1.524387	2.327012	0.8601665	1.165444
4350	-1102.505	-1708.812	606.3073	1.186817	1.906223	1.028104	1.730643
4356	-1088.426	-1694.75	606.3239	1.186502	2.709623	0.8572448	1.542432
4362	-1082.253	-1688.61	606.3569	1.281053	2.629111	0.9091854	1.431728
4368	-1081.891	-1688.938	607.0467	1.391552	2.4587	0.6272668	1.12478
4374	-1065.506	-1672.283	606.7772	1.458361	3.370648	0.679782	0.8518226
4380	-1073.65	-1680.348	606.698	1.682173	2.516162	0.9551797	0.7194162
4386	-1082.952	-1689.712	606.7596	1.645799	2.503158	0.9511454	0.6943898
4392	-1077.665	-1684.773	607.1072	1.65845	2.503158	0.6811526	0.5942939
4398	-1068.333	-1675.412	607.0794	1.673599	2.528105	0.6536515	0.6814174
4404	-1065.487	-1672.347	606.8601	1.762699	2.9586	0.6181768	0.6467716
4410	-1073.597	-1680.183	606.5869	1.761048	2.896903	0.7998653	0.762192
4416	-1084.729	-1690.999	606.2698	1.756794	2.844081	1.041777	0.8735636
4422	-1094.962	-1701.694	606.7319	1.62067	2.851467	0.7186023	0.9063934
4428	-1099.031	-1705.336	606.3051	1.636762	4.934914	0.612995	0.6580248
4434	-1088.76	-1694.987	606.2276	1.833579	4.464144	0.6561402	0.4794433
4440	-1080.783	-1687.563	606.7803	1.790224	3.047738	0.6422229	0.5975665
4446	-1078.282	-1684.61	606.3282	1.790224	3.339484	0.900548	0.6467245
4452	-1070.813	-1676.998	606.1856	1.862613	3.43124	0.9331699	0.6467245
4458	-1078.068	-1684.793	606.724	1.825735	3.028077	0.6572084	0.6210933
4464	-1069.111	-1675.618	606.5066	1.825735	3.137163	0.7926661	0.6210933
4470	-1070.607	-1677.307	606.7006	1.820264	2.939449	0.7262733	0.5269733
4476	-1066.672	-1673.96	607.2881	1.750004	1.821395	0.7099371	0.733749
4482	-1067.626	-1674.311	606.6851	1.675751	3.161239	0.7439958	0.6676002
4488	-1072.435	-1678.968	606.5328	1.619066	3.054546	0.8648936	0.834577
4494	-1057.543	-1664.452	606.9091	1.515831	2.350032	0.7343072	1.056643
4500	-1066.693	-1673.55	606.8567	1.515831	2.068648	0.8554518	1.113516
4506	-1067.077	-1674.32	607.2422	1.521012	1.87463	0.77868	0.9307495
4512	-1078.108	-1684.771	606.6636	1.521012	2.858832	0.7557604	1.028758
4518	-1067.479	-1674.886	607.4072	1.555941	2.100569	0.4771692	1.028758
4524	-1066.113	-1672.328	606.2148	1.401353	1.794706	1.031067	1.691524
4530	-1055.018	-1661.692	606.6734	1.119553	2.139623	0.6918537	1.691524
4536	-1072.29	-1678.383	606.0933	1.042093	2.106545	0.8425669	2.028483
4542	-1087.497	-1693.209	605.7123	1.074616	3.764415	0.4485921	2.141184
4548	-1087.519	-1693.1	605.5812	1.026808	3.764415	0.4646853	2.238735
4554	-1081.968	-1687.715	605.7466	1.026808	3.196937	0.5917046	2.139091
4560	-1084.856	-1689.68	604.8245	0.8958587	3.58901	0.766803	2.56389
4566	-1086.62	-1692.309	605.6895	0.994752	1.940482	0.6569667	2.527504
4572	-1084.785	-1690.556	605.7704	0.8893449	2.99282	0.6113909	2.248953
4578	-1093.208	-1699.329	606.1201	1.054717	2.99282	0.6956102	1.830959
4584	-1088.602	-1694.706	606.1031	1.045059	4.530522	0.4844034	1.683918
4590	-1085.802	-1691.785	605.9832	1.112318	5.558893	0.5539535	1.428329
4596	-1077.549	-1684.596	607.047	1.292973	2.859039	0.4787429	1.246153
4602	-1083.867	-1690.854	606.9876	1.348796	2.045759	0.6940099	1.321555
4608	-1076.754	-1683.698	606.9437	1.362865	2.098668	0.656142	1.361562
4614	-1090.35	-1696.994	606.6437	1.524387	2.327012	0.8601665	1.165444
4620	-1090.185	-1696.829	606.6437	1.524387	2.327012	0.8601665	1.165444
4626	-1095.159	-1701.802	606.6437	1.524387	2.327012	0.8601665	1.165444
4632	-1093.203	-1699.846	606.6437	1.524387	2.327012	0.8601665	1.165444
4638	-1091.337	-1697.981	606.6437	1.524387	2.327012	0.8601665	1.165444
4644	-1093.876	-1700.52	606.6437	1.524387	2.327012	0.8601665	1.165444
4650	-1090.387	-1697.031	606.6437	1.524387	2.327012	0.8601665	1.165444
4656	-1093.092	-1699.736	606.6437	1.524387	2.327012	0.8601665	1.165444
4662	-1092.343	-1698.987	606.6437	1.524387	2.327012	0.8601665	1.165444
4668	-1092.41	-1699.054	606.6437	1.524387	2.327012	0.8601665	1.165444
4674	-1094.373	-1701.017	606.6437	1.524387	2.327012	0.8601665	1.165444
4680	-1087.925	-1693.382	605.4575	0.8443444	3.856202	0.5957377	2.280816
4686	-1091.496	-1697.702	606.2062	0.8955687	3.188333	0.4569988	2.067725
4692	-1092.965	-1698.274	605.3095	0.8789999	2.451419	0.4893409	2.81621
4698	-1081.065	-1686.908	605.8429	1.046629	2.798387	0.6038753	2.162336
4704	-1082.99	-1688.175	605.1854	0.9946802	2.518589	0.6038753	2.692189
4710	-1075.13	-1680.196	605.0653	0.8612355	2.968792	0.6374809	2.692189
4716	-1073.204	-1679.491	606.2875	1.121527	2.310194	0.7211192	1.868193
4722	-1087.031	-1693.389	606.3574	1.10546	2.642672	0.6164067	1.814914
4728	-1093.242	-1699.392	606.1504	1.121973	2.142306	0.6735653	2.062241
4734	-1094.185	-1700.814	606.6285	1.253739	2.165297	0.7017059	1.607995
4740	-1076.263	-1682.747	606.4839	1.187814	2.801735	0.4741094	1.773411
4746	-1063.031	-1669.239	606.2079	1.194783	2.288886	0.8540932	1.770689
4752	-1091.485	-1698.129	606.6437	1.524387	2.327012	0.8601665	1.165444
4758	-1087.071	-1693.715	606.6437	1.524387	2.327012	0.8601665	1.165444
4764	-1086.808	-1693.065	606.2572	0.9677484	4.113581	0.4133801	1.811229
4770	-1083.721	-1690.283	606.5618	1.085094	2.308828	0.4408637	1.992719
4776	-1087.969	-1694.265	606.296	1.075338	3.11259	0.6324752	1.718705
4782	-1078.77	-1685.413	606.6437	1.524387	2.327012	0.8601665	1.165444
4788	-1078.458	-1685.101	606.6437	1.524387	2.327012	0.8601665	1.165444
4794	-1079.415	-1686.059	606.6437	1.524387	2.327012	0.8601665	1.165444
4800	-1093.109	-1699.737	606.6273	1.369337	3.720671	0.4919341	1.229223
4806	-1081.35	-1687.955	606.6048	1.514692	3.545974	0.591607	1.036074
4812	-1078.636	-1685.279	606.6437	1.524387	2.327012	0.8601665	1.165444
4818	-1080.132	-1686.776	606.6437	1.524387	2.327012	0.8601665	1.165444
4824	-1079.369	-1686.012	606.6437	1.524387	2.327012	0.8601665	1.165444
4830	-1085.869	-1692.513	606.6437	1.524387	2.327012	0.8601665	1.165444
4836	-1087.505	-1694.148	606.6437	1.524387	2.327012	0.8601665	1.165444
4842	-1082.557	-1689.2	606.6437	1.524387	2.327012	0.8601665	1.165444
4848	-1087.507	-1694.151	606.6437	1.524387	2.327012	0.8601665	1.165444
4854	-1086.868	-1693.512	606.6437	1.524387	2.327012	0.8601665	1.165444
4860	-1075.338	-1681.981	606.6437	1.524387	2.327012	0.8601665	1.165444
4866	-1079.473	-1686.117	606.6437	1.524387	2.327012	0.8601665	1.165444
4872	-1075.573	-1682.216	606.6437	1.524387	2.327012	0.8601665	1.165444
4878	-1075.795	-1682.439	606.6437	1.524387	2.327012	0.8601665	1.165444
4884	-1079.363	-1686.007	606.6437	1.524387	2.327012	0.8601665	1.165444
4890	-1083.66	-1690.304	606.6437	1.524387	2.327012	0.8601665	1.165444
4896	-1089.763	-1696.406	606.6437	1.524387	2.327012	0.8601665	1.165444
4902	-1095.373	-1702.017	606.6437	1.524387	2.327012	0.8601665	1.165444
4908	-1097.656	-1704.299	606.6437	1.524387	2.327012	0.8601665	1.165444
4914	-1096.617	-1703.261	606.6437	1.524387	2.327012	0.8601665	1.165444
4920	-1095.806	-1702.449	606.6437	1.524387	2.327012	0.8601665	1.165444
4926	-1086.733	-1693.377	606.6437	1.524387	2.327012	0.8601665	1.165444
4932	-1090.209	-1696.853	606.6437	1.524387	2.327012	0.8601665	1.165444
4938	-1096.538	-1703.182	606.6437	1.524387	2.327012	0.8601665	1.165444
4944	-1084.35	-1690.994	606.6437	1.524387	2.327012	0.8601665	1.165444
4950	-1088.017	-1694.661	606.6437	1.524387	2.327012	0.8601665	1.165444
4956	-1092.879	-1699.523	606.6437	1.524387	2.327012	0.8601665	1.165444
4962	-1078.901	-1685.545	606.6437	1.524387	2.327012	0.8601665	1.165444
4968	-1078.179	-1684.823	606.6437	1.524387	2.327012	0.8601665	1.165444
4974	-1079.826	-1686.47	606.6437	1.524387	2.327012	0.8601665	1.165444
4980	-1083.682	-1690.325	606.6437	1.524387	2.327012	0.8601665	1.165444
4986	-1091.419	-1698.063	606.6437	1.524387	2.327012	0.8601665	1.165444
4992	-1080.127	-1687.211	607.0843	1.333668	2.465746	0.5178695	1.280297
4998	-1089.138	-1695.947	606.8091	1.264415	2.763815	0.6249422	1.314107
5004	-1086.614	-1693.258	606.6437	1.524387	2.327012	0.8601665	1.165444
5010	-1089.961	-1696.604	606.6437	1.524387	2.327012	0.8601665	1.165444
5016	-1095.382	-1702.026	606.6437	1.524387	2.327012	0.8601665	1.165444
5022	-1097.637	-1704.281	606.6437	1.524387	2.327012	0.8601665	1.165444
5028	-1088.244	-1694.888	606.6437	1.524387	2.327012	0.8601665	1.165444
5034	-1108.016	-1714.503	606.4869	1.137145	3.564204	0.4953523	1.560302
5040	-1096.295	-1702.939	606.6437	1.524387	2.327012	0.8601665	1.165444
5046	-1095.206	-1701.85	606.6437	1.524387	2.327012	0.8601665	1.165444
5052	-1092.364	-1699.008	606.6437	1.524387	2.327012	0.8601665	1.165444
5058	-1087.704	-1694.348	606.6437	1.524387	2.327012	0.8601665	1.165444
5064	-1083.165	-1689.808	606.6437	1.524387	2.327012	0.8601665	1.165444
5070	-1078.995	-1685.639	606.6437	1.524387	2.327012	0.8601665	1.165444
5076	-1077.357	-1684.001	606.6437	1.524387	2.327012	0.8601665	1.165444
5082	-1073.409	-1680.053	606.6437	1.524387	2.327012	0.8601665	1.165444
5088	-1073.744	-1680.388	606.6437	1.524387	2.327012	0.8601665	1.165444
5094	-1072.797	-1679.441	606.6437	1.524387	2.327012	0.8601665	1.165444
5100	-1081.616	-1688.26	606.6437	1.524387	2.327012	0.8601665	1.165444
5106	-1087.765	-1694.409	606.6437	1.524387	2.327012	0.8601665	1.165444
5112	-1087.19	-1693.834	606.6437	1.524387	2.327012	0.8601665	1.165444
5118	-1086.268	-1692.912	606.6437	1.524387	2.327012	0.8601665	1.165444
5124	-1081.843	-1688.486	606.6437	1.524387	2.327012	0.8601665	1.165444
5130	-1084.578	-1691.221	606.6437	1.524387	2.327012	0.8601665	1.165444
5136	-1074.795	-1681.438	606.6437	1.524387	2.327012	0.8601665	1.165444
5142	-1087.914	-1694.558	606.6437	1.524387	2.327012	0.8601665	1.165444
